<?xml version="1.0" encoding="UTF-8"?>
<!-- Generated by org.testng.reporters.JUnitXMLReporter -->
<testsuite ignored="2" hostname="DESKTOP-RJ7JUU8" failures="0" tests="1" name="Default test(failed)(failed)(failed)(failed)" time="0.128" errors="0" timestamp="2022-08-19T19:40:37 IST">
  <testcase classname="Testng_Prog.Disable_TC_Using_Suite" name="TC3" time="0.019"/>
  <testcase classname="Testng_Prog.Disable_TC_Using_Suite" name="TC1" time="0.0">
    <ignored/>
  </testcase> <!-- TC1 -->
  <testcase classname="Testng_Prog.Disable_TC_Using_Suite" name="TC2" time="0.0">
    <ignored/>
  </testcase> <!-- TC2 -->
</testsuite> <!-- Default test(failed)(failed)(failed)(failed) -->
