<?xml version="1.0" encoding="UTF-8"?>
<testng-results ignored="0" total="2" passed="2" failed="0" skipped="0">
  <reporter-output>
  </reporter-output>
  <suite started-at="2022-08-22T23:40:59 IST" name="Suite" finished-at="2022-08-22T23:42:09 IST" duration-ms="69425">
    <groups>
    </groups>
    <test started-at="2022-08-22T23:40:59 IST" name="Test1" finished-at="2022-08-22T23:41:32 IST" duration-ms="32334">
      <class name="MultiBrowserTesting.Sample">
        <test-method signature="TC1(java.lang.String)[pri:0, instance:MultiBrowserTesting.Sample@20ccf40b]" started-at="2022-08-22T23:41:00 IST" name="TC1" finished-at="2022-08-22T23:41:32 IST" duration-ms="32204" status="PASS">
          <params>
            <param index="0">
              <value>
                <![CDATA[Chrome]]>
              </value>
            </param>
          </params>
          <reporter-output>
          </reporter-output>
        </test-method> <!-- TC1 -->
      </class> <!-- MultiBrowserTesting.Sample -->
    </test> <!-- Test1 -->
    <test started-at="2022-08-22T23:40:59 IST" name="Test2" finished-at="2022-08-22T23:42:09 IST" duration-ms="69425">
      <class name="MultiBrowserTesting.Sample">
        <test-method signature="TC1(java.lang.String)[pri:0, instance:MultiBrowserTesting.Sample@59505b48]" started-at="2022-08-22T23:41:00 IST" name="TC1" finished-at="2022-08-22T23:42:09 IST" duration-ms="69310" status="PASS">
          <params>
            <param index="0">
              <value>
                <![CDATA[Firfox]]>
              </value>
            </param>
          </params>
          <reporter-output>
          </reporter-output>
        </test-method> <!-- TC1 -->
      </class> <!-- MultiBrowserTesting.Sample -->
    </test> <!-- Test2 -->
  </suite> <!-- Suite -->
</testng-results>
